25
145608327
145068327
145368027
145368207
145368270
145360278
145306278
145036278
045136278
405136278
435106278
435016278
435216078
435216708
435216780
435210786
430215786
403215786
413205786
413025786
013425786
103425786
123405786
123450786
123456780
23
346217085
346217805
346207815
306247815
036247815
236047815
236407815
236417805
236417085
236017485
236107485
236170485
236175480
236175408
236105478
236150478
230156478
203156478
023156478
123056478
123456078
123456708
123456780
22
241038567
241538067
241538607
241538670
241530678
241503678
241053678
241653078
241653708
241603758
241063758
041263758
401263758
410263758
413260758
413206758
413026758
013426758
103426758
123406758
123456708
123456780
